INFO 2025-06-21 05:53:15,106 autoreload 10314 136666037948544 Watching for file changes with StatReloader
INFO 2025-06-21 05:53:28,651 basehttp 10314 136665859356352 "GET / HTTP/1.1" 200 39368
INFO 2025-06-21 05:53:28,807 basehttp 10314 136665850963648 "GET /static/css/custom.css HTTP/1.1" 200 5443
INFO 2025-06-21 05:53:28,808 basehttp 10314 136665859356352 "GET /static/css/dist/styles.css?v=1750478008 HTTP/1.1" 200 62143
INFO 2025-06-21 05:53:28,809 basehttp 10314 136665850963648 "GET /static/images/logo.png HTTP/1.1" 200 257246
ERROR 2025-06-21 05:53:39,706 log 10314 136665850963648 Internal Server Error: /products/
Traceback (most recent call last):
  File "/home/kartiqus/Downloads/ptitpastek-main/env/lib/python3.12/site-packages/django/core/handlers/exception.py", line 55, in inner
    response = get_response(request)
               ^^^^^^^^^^^^^^^^^^^^^
  File "/home/kartiqus/Downloads/ptitpastek-main/env/lib/python3.12/site-packages/django/core/handlers/base.py", line 220, in _get_response
    response = response.render()
               ^^^^^^^^^^^^^^^^^
  File "/home/kartiqus/Downloads/ptitpastek-main/env/lib/python3.12/site-packages/django/template/response.py", line 114, in render
    self.content = self.rendered_content
                   ^^^^^^^^^^^^^^^^^^^^^
  File "/home/kartiqus/Downloads/ptitpastek-main/env/lib/python3.12/site-packages/django/template/response.py", line 92, in rendered_content
    return template.render(context, self._request)
           ^^^^^^^^^^^^^^^^^^^^^^^^^^^^^^^^^^^^^^^
  File "/home/kartiqus/Downloads/ptitpastek-main/env/lib/python3.12/site-packages/django/template/backends/django.py", line 61, in render
    return self.template.render(context)
           ^^^^^^^^^^^^^^^^^^^^^^^^^^^^^
  File "/home/kartiqus/Downloads/ptitpastek-main/env/lib/python3.12/site-packages/django/template/base.py", line 175, in render
    return self._render(context)
           ^^^^^^^^^^^^^^^^^^^^^
  File "/home/kartiqus/Downloads/ptitpastek-main/env/lib/python3.12/site-packages/django/template/base.py", line 167, in _render
    return self.nodelist.render(context)
           ^^^^^^^^^^^^^^^^^^^^^^^^^^^^^
  File "/home/kartiqus/Downloads/ptitpastek-main/env/lib/python3.12/site-packages/django/template/base.py", line 1005, in render
    return SafeString("".join([node.render_annotated(context) for node in self]))
                               ^^^^^^^^^^^^^^^^^^^^^^^^^^^^^^
  File "/home/kartiqus/Downloads/ptitpastek-main/env/lib/python3.12/site-packages/django/template/base.py", line 966, in render_annotated
    return self.render(context)
           ^^^^^^^^^^^^^^^^^^^^
  File "/home/kartiqus/Downloads/ptitpastek-main/env/lib/python3.12/site-packages/django/template/loader_tags.py", line 157, in render
    return compiled_parent._render(context)
           ^^^^^^^^^^^^^^^^^^^^^^^^^^^^^^^^
  File "/home/kartiqus/Downloads/ptitpastek-main/env/lib/python3.12/site-packages/django/template/base.py", line 167, in _render
    return self.nodelist.render(context)
           ^^^^^^^^^^^^^^^^^^^^^^^^^^^^^
  File "/home/kartiqus/Downloads/ptitpastek-main/env/lib/python3.12/site-packages/django/template/base.py", line 1005, in render
    return SafeString("".join([node.render_annotated(context) for node in self]))
                               ^^^^^^^^^^^^^^^^^^^^^^^^^^^^^^
  File "/home/kartiqus/Downloads/ptitpastek-main/env/lib/python3.12/site-packages/django/template/base.py", line 966, in render_annotated
    return self.render(context)
           ^^^^^^^^^^^^^^^^^^^^
  File "/home/kartiqus/Downloads/ptitpastek-main/env/lib/python3.12/site-packages/django/template/loader_tags.py", line 63, in render
    result = block.nodelist.render(context)
             ^^^^^^^^^^^^^^^^^^^^^^^^^^^^^^
  File "/home/kartiqus/Downloads/ptitpastek-main/env/lib/python3.12/site-packages/django/template/base.py", line 1005, in render
    return SafeString("".join([node.render_annotated(context) for node in self]))
                               ^^^^^^^^^^^^^^^^^^^^^^^^^^^^^^
  File "/home/kartiqus/Downloads/ptitpastek-main/env/lib/python3.12/site-packages/django/template/base.py", line 966, in render_annotated
    return self.render(context)
           ^^^^^^^^^^^^^^^^^^^^
  File "/home/kartiqus/Downloads/ptitpastek-main/env/lib/python3.12/site-packages/django/template/defaulttags.py", line 238, in render
    nodelist.append(node.render_annotated(context))
                    ^^^^^^^^^^^^^^^^^^^^^^^^^^^^^^
  File "/home/kartiqus/Downloads/ptitpastek-main/env/lib/python3.12/site-packages/django/template/base.py", line 966, in render_annotated
    return self.render(context)
           ^^^^^^^^^^^^^^^^^^^^
  File "/home/kartiqus/Downloads/ptitpastek-main/env/lib/python3.12/site-packages/django/template/defaulttags.py", line 471, in render
    url = reverse(view_name, args=args, kwargs=kwargs, current_app=current_app)
          ^^^^^^^^^^^^^^^^^^^^^^^^^^^^^^^^^^^^^^^^^^^^^^^^^^^^^^^^^^^^^^^^^^^^^
  File "/home/kartiqus/Downloads/ptitpastek-main/env/lib/python3.12/site-packages/django/urls/base.py", line 88, in reverse
    return resolver._reverse_with_prefix(view, prefix, *args, **kwargs)
           ^^^^^^^^^^^^^^^^^^^^^^^^^^^^^^^^^^^^^^^^^^^^^^^^^^^^^^^^^^^^
  File "/home/kartiqus/Downloads/ptitpastek-main/env/lib/python3.12/site-packages/django/urls/resolvers.py", line 828, in _reverse_with_prefix
    raise NoReverseMatch(msg)
django.urls.exceptions.NoReverseMatch: Reverse for 'add' not found. 'add' is not a valid view function or pattern name.
ERROR 2025-06-21 05:53:39,708 basehttp 10314 136665850963648 "GET /products/ HTTP/1.1" 500 185611
WARNING 2025-06-21 05:53:39,770 log 10314 136665850963648 Not Found: /favicon.ico
WARNING 2025-06-21 05:53:39,770 basehttp 10314 136665850963648 "GET /favicon.ico HTTP/1.1" 404 3155
INFO 2025-06-21 05:53:46,768 basehttp 10314 136665850963648 "GET / HTTP/1.1" 200 39368
INFO 2025-06-21 05:53:46,809 basehttp 10314 136665859356352 "GET /static/css/custom.css HTTP/1.1" 304 0
INFO 2025-06-21 05:53:46,809 basehttp 10314 136665850963648 "GET /static/css/dist/styles.css?v=1750478026 HTTP/1.1" 200 62143
INFO 2025-06-21 05:53:46,810 basehttp 10314 136665842570944 "GET /static/images/logo.png HTTP/1.1" 304 0
INFO 2025-06-21 05:53:48,099 basehttp 10314 136665850963648 "GET /about/ HTTP/1.1" 200 32891
INFO 2025-06-21 05:53:48,139 basehttp 10314 136665850963648 "GET /static/css/dist/styles.css?v=1750478028 HTTP/1.1" 200 62143
INFO 2025-06-21 05:53:49,799 basehttp 10314 136665850963648 "GET /contact/ HTTP/1.1" 200 37416
INFO 2025-06-21 05:53:49,839 basehttp 10314 136665850963648 "GET /static/css/dist/styles.css?v=1750478029 HTTP/1.1" 200 62143
INFO 2025-06-21 05:53:52,624 basehttp 10314 136665850963648 "GET /about/ HTTP/1.1" 200 32891
INFO 2025-06-21 05:53:52,656 basehttp 10314 136665850963648 "GET /static/css/dist/styles.css?v=1750478032 HTTP/1.1" 200 62143
INFO 2025-06-21 05:53:53,835 basehttp 10314 136665850963648 "GET /contact/ HTTP/1.1" 200 37416
INFO 2025-06-21 05:53:53,873 basehttp 10314 136665850963648 "GET /static/css/dist/styles.css?v=1750478033 HTTP/1.1" 200 62143
ERROR 2025-06-21 05:53:57,305 log 10314 136665850963648 Internal Server Error: /accounts/login/
Traceback (most recent call last):
  File "/home/kartiqus/Downloads/ptitpastek-main/env/lib/python3.12/site-packages/django/core/handlers/exception.py", line 55, in inner
    response = get_response(request)
               ^^^^^^^^^^^^^^^^^^^^^
  File "/home/kartiqus/Downloads/ptitpastek-main/env/lib/python3.12/site-packages/django/core/handlers/base.py", line 220, in _get_response
    response = response.render()
               ^^^^^^^^^^^^^^^^^
  File "/home/kartiqus/Downloads/ptitpastek-main/env/lib/python3.12/site-packages/django/template/response.py", line 114, in render
    self.content = self.rendered_content
                   ^^^^^^^^^^^^^^^^^^^^^
  File "/home/kartiqus/Downloads/ptitpastek-main/env/lib/python3.12/site-packages/django/template/response.py", line 92, in rendered_content
    return template.render(context, self._request)
           ^^^^^^^^^^^^^^^^^^^^^^^^^^^^^^^^^^^^^^^
  File "/home/kartiqus/Downloads/ptitpastek-main/env/lib/python3.12/site-packages/django/template/backends/django.py", line 61, in render
    return self.template.render(context)
           ^^^^^^^^^^^^^^^^^^^^^^^^^^^^^
  File "/home/kartiqus/Downloads/ptitpastek-main/env/lib/python3.12/site-packages/django/template/base.py", line 175, in render
    return self._render(context)
           ^^^^^^^^^^^^^^^^^^^^^
  File "/home/kartiqus/Downloads/ptitpastek-main/env/lib/python3.12/site-packages/django/template/base.py", line 167, in _render
    return self.nodelist.render(context)
           ^^^^^^^^^^^^^^^^^^^^^^^^^^^^^
  File "/home/kartiqus/Downloads/ptitpastek-main/env/lib/python3.12/site-packages/django/template/base.py", line 1005, in render
    return SafeString("".join([node.render_annotated(context) for node in self]))
                               ^^^^^^^^^^^^^^^^^^^^^^^^^^^^^^
  File "/home/kartiqus/Downloads/ptitpastek-main/env/lib/python3.12/site-packages/django/template/base.py", line 966, in render_annotated
    return self.render(context)
           ^^^^^^^^^^^^^^^^^^^^
  File "/home/kartiqus/Downloads/ptitpastek-main/env/lib/python3.12/site-packages/django/template/loader_tags.py", line 157, in render
    return compiled_parent._render(context)
           ^^^^^^^^^^^^^^^^^^^^^^^^^^^^^^^^
  File "/home/kartiqus/Downloads/ptitpastek-main/env/lib/python3.12/site-packages/django/template/base.py", line 167, in _render
    return self.nodelist.render(context)
           ^^^^^^^^^^^^^^^^^^^^^^^^^^^^^
  File "/home/kartiqus/Downloads/ptitpastek-main/env/lib/python3.12/site-packages/django/template/base.py", line 1005, in render
    return SafeString("".join([node.render_annotated(context) for node in self]))
                               ^^^^^^^^^^^^^^^^^^^^^^^^^^^^^^
  File "/home/kartiqus/Downloads/ptitpastek-main/env/lib/python3.12/site-packages/django/template/base.py", line 966, in render_annotated
    return self.render(context)
           ^^^^^^^^^^^^^^^^^^^^
  File "/home/kartiqus/Downloads/ptitpastek-main/env/lib/python3.12/site-packages/django/template/loader_tags.py", line 63, in render
    result = block.nodelist.render(context)
             ^^^^^^^^^^^^^^^^^^^^^^^^^^^^^^
  File "/home/kartiqus/Downloads/ptitpastek-main/env/lib/python3.12/site-packages/django/template/base.py", line 1005, in render
    return SafeString("".join([node.render_annotated(context) for node in self]))
                               ^^^^^^^^^^^^^^^^^^^^^^^^^^^^^^
  File "/home/kartiqus/Downloads/ptitpastek-main/env/lib/python3.12/site-packages/django/template/base.py", line 966, in render_annotated
    return self.render(context)
           ^^^^^^^^^^^^^^^^^^^^
  File "/home/kartiqus/Downloads/ptitpastek-main/env/lib/python3.12/site-packages/django/template/defaulttags.py", line 471, in render
    url = reverse(view_name, args=args, kwargs=kwargs, current_app=current_app)
          ^^^^^^^^^^^^^^^^^^^^^^^^^^^^^^^^^^^^^^^^^^^^^^^^^^^^^^^^^^^^^^^^^^^^^
  File "/home/kartiqus/Downloads/ptitpastek-main/env/lib/python3.12/site-packages/django/urls/base.py", line 88, in reverse
    return resolver._reverse_with_prefix(view, prefix, *args, **kwargs)
           ^^^^^^^^^^^^^^^^^^^^^^^^^^^^^^^^^^^^^^^^^^^^^^^^^^^^^^^^^^^^
  File "/home/kartiqus/Downloads/ptitpastek-main/env/lib/python3.12/site-packages/django/urls/resolvers.py", line 828, in _reverse_with_prefix
    raise NoReverseMatch(msg)
django.urls.exceptions.NoReverseMatch: Reverse for 'password_reset' not found. 'password_reset' is not a valid view function or pattern name.
ERROR 2025-06-21 05:53:57,307 basehttp 10314 136665850963648 "GET /accounts/login/ HTTP/1.1" 500 172072
INFO 2025-06-21 05:54:01,350 basehttp 10314 136665850963648 "GET /accounts/register/ HTTP/1.1" 200 23597
INFO 2025-06-21 05:54:01,391 basehttp 10314 136665850963648 "GET /static/css/dist/styles.css?v=1750478041 HTTP/1.1" 200 62143
INFO 2025-06-21 05:54:01,392 basehttp 10314 136665842570944 "GET /static/css/custom.css HTTP/1.1" 304 0
INFO 2025-06-21 05:54:01,433 basehttp 10314 136665842570944 "GET /static/images/logo.png HTTP/1.1" 304 0
INFO 2025-06-21 05:54:17,134 basehttp 10314 136665850963648 "POST /accounts/register/ HTTP/1.1" 302 0
ERROR 2025-06-21 05:54:17,174 log 10314 136665850963648 Internal Server Error: /accounts/login/
Traceback (most recent call last):
  File "/home/kartiqus/Downloads/ptitpastek-main/env/lib/python3.12/site-packages/django/core/handlers/exception.py", line 55, in inner
    response = get_response(request)
               ^^^^^^^^^^^^^^^^^^^^^
  File "/home/kartiqus/Downloads/ptitpastek-main/env/lib/python3.12/site-packages/django/core/handlers/base.py", line 220, in _get_response
    response = response.render()
               ^^^^^^^^^^^^^^^^^
  File "/home/kartiqus/Downloads/ptitpastek-main/env/lib/python3.12/site-packages/django/template/response.py", line 114, in render
    self.content = self.rendered_content
                   ^^^^^^^^^^^^^^^^^^^^^
  File "/home/kartiqus/Downloads/ptitpastek-main/env/lib/python3.12/site-packages/django/template/response.py", line 92, in rendered_content
    return template.render(context, self._request)
           ^^^^^^^^^^^^^^^^^^^^^^^^^^^^^^^^^^^^^^^
  File "/home/kartiqus/Downloads/ptitpastek-main/env/lib/python3.12/site-packages/django/template/backends/django.py", line 61, in render
    return self.template.render(context)
           ^^^^^^^^^^^^^^^^^^^^^^^^^^^^^
  File "/home/kartiqus/Downloads/ptitpastek-main/env/lib/python3.12/site-packages/django/template/base.py", line 175, in render
    return self._render(context)
           ^^^^^^^^^^^^^^^^^^^^^
  File "/home/kartiqus/Downloads/ptitpastek-main/env/lib/python3.12/site-packages/django/template/base.py", line 167, in _render
    return self.nodelist.render(context)
           ^^^^^^^^^^^^^^^^^^^^^^^^^^^^^
  File "/home/kartiqus/Downloads/ptitpastek-main/env/lib/python3.12/site-packages/django/template/base.py", line 1005, in render
    return SafeString("".join([node.render_annotated(context) for node in self]))
                               ^^^^^^^^^^^^^^^^^^^^^^^^^^^^^^
  File "/home/kartiqus/Downloads/ptitpastek-main/env/lib/python3.12/site-packages/django/template/base.py", line 966, in render_annotated
    return self.render(context)
           ^^^^^^^^^^^^^^^^^^^^
  File "/home/kartiqus/Downloads/ptitpastek-main/env/lib/python3.12/site-packages/django/template/loader_tags.py", line 157, in render
    return compiled_parent._render(context)
           ^^^^^^^^^^^^^^^^^^^^^^^^^^^^^^^^
  File "/home/kartiqus/Downloads/ptitpastek-main/env/lib/python3.12/site-packages/django/template/base.py", line 167, in _render
    return self.nodelist.render(context)
           ^^^^^^^^^^^^^^^^^^^^^^^^^^^^^
  File "/home/kartiqus/Downloads/ptitpastek-main/env/lib/python3.12/site-packages/django/template/base.py", line 1005, in render
    return SafeString("".join([node.render_annotated(context) for node in self]))
                               ^^^^^^^^^^^^^^^^^^^^^^^^^^^^^^
  File "/home/kartiqus/Downloads/ptitpastek-main/env/lib/python3.12/site-packages/django/template/base.py", line 966, in render_annotated
    return self.render(context)
           ^^^^^^^^^^^^^^^^^^^^
  File "/home/kartiqus/Downloads/ptitpastek-main/env/lib/python3.12/site-packages/django/template/loader_tags.py", line 63, in render
    result = block.nodelist.render(context)
             ^^^^^^^^^^^^^^^^^^^^^^^^^^^^^^
  File "/home/kartiqus/Downloads/ptitpastek-main/env/lib/python3.12/site-packages/django/template/base.py", line 1005, in render
    return SafeString("".join([node.render_annotated(context) for node in self]))
                               ^^^^^^^^^^^^^^^^^^^^^^^^^^^^^^
  File "/home/kartiqus/Downloads/ptitpastek-main/env/lib/python3.12/site-packages/django/template/base.py", line 966, in render_annotated
    return self.render(context)
           ^^^^^^^^^^^^^^^^^^^^
  File "/home/kartiqus/Downloads/ptitpastek-main/env/lib/python3.12/site-packages/django/template/defaulttags.py", line 471, in render
    url = reverse(view_name, args=args, kwargs=kwargs, current_app=current_app)
          ^^^^^^^^^^^^^^^^^^^^^^^^^^^^^^^^^^^^^^^^^^^^^^^^^^^^^^^^^^^^^^^^^^^^^
  File "/home/kartiqus/Downloads/ptitpastek-main/env/lib/python3.12/site-packages/django/urls/base.py", line 88, in reverse
    return resolver._reverse_with_prefix(view, prefix, *args, **kwargs)
           ^^^^^^^^^^^^^^^^^^^^^^^^^^^^^^^^^^^^^^^^^^^^^^^^^^^^^^^^^^^^
  File "/home/kartiqus/Downloads/ptitpastek-main/env/lib/python3.12/site-packages/django/urls/resolvers.py", line 828, in _reverse_with_prefix
    raise NoReverseMatch(msg)
django.urls.exceptions.NoReverseMatch: Reverse for 'password_reset' not found. 'password_reset' is not a valid view function or pattern name.
ERROR 2025-06-21 05:54:17,176 basehttp 10314 136665850963648 "GET /accounts/login/ HTTP/1.1" 500 172402
ERROR 2025-06-21 05:54:23,463 log 10314 136665850963648 Internal Server Error: /accounts/register/
Traceback (most recent call last):
  File "/home/kartiqus/Downloads/ptitpastek-main/env/lib/python3.12/site-packages/django/db/backends/utils.py", line 89, in _execute
    return self.cursor.execute(sql, params)
           ^^^^^^^^^^^^^^^^^^^^^^^^^^^^^^^^
  File "/home/kartiqus/Downloads/ptitpastek-main/env/lib/python3.12/site-packages/django/db/backends/sqlite3/base.py", line 328, in execute
    return super().execute(query, params)
           ^^^^^^^^^^^^^^^^^^^^^^^^^^^^^^
sqlite3.IntegrityError: UNIQUE constraint failed: accounts_user.username

The above exception was the direct cause of the following exception:

Traceback (most recent call last):
  File "/home/kartiqus/Downloads/ptitpastek-main/env/lib/python3.12/site-packages/django/core/handlers/exception.py", line 55, in inner
    response = get_response(request)
               ^^^^^^^^^^^^^^^^^^^^^
  File "/home/kartiqus/Downloads/ptitpastek-main/env/lib/python3.12/site-packages/django/core/handlers/base.py", line 197, in _get_response
    response = wrapped_callback(request, *callback_args, **callback_kwargs)
               ^^^^^^^^^^^^^^^^^^^^^^^^^^^^^^^^^^^^^^^^^^^^^^^^^^^^^^^^^^^^
  File "/home/kartiqus/Downloads/ptitpastek-main/env/lib/python3.12/site-packages/django/views/generic/base.py", line 104, in view
    return self.dispatch(request, *args, **kwargs)
           ^^^^^^^^^^^^^^^^^^^^^^^^^^^^^^^^^^^^^^^
  File "/home/kartiqus/Downloads/ptitpastek-main/env/lib/python3.12/site-packages/django/views/generic/base.py", line 143, in dispatch
    return handler(request, *args, **kwargs)
           ^^^^^^^^^^^^^^^^^^^^^^^^^^^^^^^^^
  File "/home/kartiqus/Downloads/ptitpastek-main/env/lib/python3.12/site-packages/django/views/generic/edit.py", line 184, in post
    return super().post(request, *args, **kwargs)
           ^^^^^^^^^^^^^^^^^^^^^^^^^^^^^^^^^^^^^^
  File "/home/kartiqus/Downloads/ptitpastek-main/env/lib/python3.12/site-packages/django/views/generic/edit.py", line 153, in post
    return self.form_valid(form)
           ^^^^^^^^^^^^^^^^^^^^^
  File "/home/kartiqus/Documents/ptitpastek/accounts/views.py", line 34, in form_valid
    response = super().form_valid(form)
               ^^^^^^^^^^^^^^^^^^^^^^^^
  File "/home/kartiqus/Downloads/ptitpastek-main/env/lib/python3.12/site-packages/django/views/generic/edit.py", line 135, in form_valid
    self.object = form.save()
                  ^^^^^^^^^^^
  File "/home/kartiqus/Documents/ptitpastek/accounts/forms.py", line 45, in save
    user.save()
  File "/home/kartiqus/Downloads/ptitpastek-main/env/lib/python3.12/site-packages/django/contrib/auth/base_user.py", line 76, in save
    super().save(*args, **kwargs)
  File "/home/kartiqus/Downloads/ptitpastek-main/env/lib/python3.12/site-packages/django/db/models/base.py", line 814, in save
    self.save_base(
  File "/home/kartiqus/Downloads/ptitpastek-main/env/lib/python3.12/site-packages/django/db/models/base.py", line 877, in save_base
    updated = self._save_table(
              ^^^^^^^^^^^^^^^^^
  File "/home/kartiqus/Downloads/ptitpastek-main/env/lib/python3.12/site-packages/django/db/models/base.py", line 1020, in _save_table
    results = self._do_insert(
              ^^^^^^^^^^^^^^^^
  File "/home/kartiqus/Downloads/ptitpastek-main/env/lib/python3.12/site-packages/django/db/models/base.py", line 1061, in _do_insert
    return manager._insert(
           ^^^^^^^^^^^^^^^^
  File "/home/kartiqus/Downloads/ptitpastek-main/env/lib/python3.12/site-packages/django/db/models/manager.py", line 87, in manager_method
    return getattr(self.get_queryset(), name)(*args, **kwargs)
           ^^^^^^^^^^^^^^^^^^^^^^^^^^^^^^^^^^^^^^^^^^^^^^^^^^^
  File "/home/kartiqus/Downloads/ptitpastek-main/env/lib/python3.12/site-packages/django/db/models/query.py", line 1805, in _insert
    return query.get_compiler(using=using).execute_sql(returning_fields)
           ^^^^^^^^^^^^^^^^^^^^^^^^^^^^^^^^^^^^^^^^^^^^^^^^^^^^^^^^^^^^^
  File "/home/kartiqus/Downloads/ptitpastek-main/env/lib/python3.12/site-packages/django/db/models/sql/compiler.py", line 1822, in execute_sql
    cursor.execute(sql, params)
  File "/home/kartiqus/Downloads/ptitpastek-main/env/lib/python3.12/site-packages/django/db/backends/utils.py", line 102, in execute
    return super().execute(sql, params)
           ^^^^^^^^^^^^^^^^^^^^^^^^^^^^
  File "/home/kartiqus/Downloads/ptitpastek-main/env/lib/python3.12/site-packages/django/db/backends/utils.py", line 67, in execute
    return self._execute_with_wrappers(
           ^^^^^^^^^^^^^^^^^^^^^^^^^^^^
  File "/home/kartiqus/Downloads/ptitpastek-main/env/lib/python3.12/site-packages/django/db/backends/utils.py", line 80, in _execute_with_wrappers
    return executor(sql, params, many, context)
           ^^^^^^^^^^^^^^^^^^^^^^^^^^^^^^^^^^^^
  File "/home/kartiqus/Downloads/ptitpastek-main/env/lib/python3.12/site-packages/django/db/backends/utils.py", line 84, in _execute
    with self.db.wrap_database_errors:
  File "/home/kartiqus/Downloads/ptitpastek-main/env/lib/python3.12/site-packages/django/db/utils.py", line 91, in __exit__
    raise dj_exc_value.with_traceback(traceback) from exc_value
  File "/home/kartiqus/Downloads/ptitpastek-main/env/lib/python3.12/site-packages/django/db/backends/utils.py", line 89, in _execute
    return self.cursor.execute(sql, params)
           ^^^^^^^^^^^^^^^^^^^^^^^^^^^^^^^^
  File "/home/kartiqus/Downloads/ptitpastek-main/env/lib/python3.12/site-packages/django/db/backends/sqlite3/base.py", line 328, in execute
    return super().execute(query, params)
           ^^^^^^^^^^^^^^^^^^^^^^^^^^^^^^
django.db.utils.IntegrityError: UNIQUE constraint failed: accounts_user.username
ERROR 2025-06-21 05:54:23,465 basehttp 10314 136665850963648 "POST /accounts/register/ HTTP/1.1" 500 200660
INFO 2025-06-21 05:54:29,515 basehttp 10314 136665850963648 "GET /accounts/register/ HTTP/1.1" 200 23597
INFO 2025-06-21 05:54:29,548 basehttp 10314 136665850963648 "GET /static/css/dist/styles.css?v=1750478069 HTTP/1.1" 200 62143
INFO 2025-06-21 05:54:37,290 basehttp 10314 136665850963648 "GET / HTTP/1.1" 200 39368
INFO 2025-06-21 05:54:37,333 basehttp 10314 136665842570944 "GET /static/css/custom.css HTTP/1.1" 304 0
INFO 2025-06-21 05:54:37,333 basehttp 10314 136665850963648 "GET /static/css/dist/styles.css?v=1750478077 HTTP/1.1" 200 62143
INFO 2025-06-21 05:54:37,334 basehttp 10314 136665842570944 "GET /static/images/logo.png HTTP/1.1" 304 0
INFO 2025-06-21 18:16:11,821 autoreload 10742 124769875103872 Watching for file changes with StatReloader
INFO 2025-06-21 18:16:52,591 autoreload 10856 137015591788672 Watching for file changes with StatReloader
INFO 2025-06-21 18:17:14,030 autoreload 10975 137842712825984 Watching for file changes with StatReloader
INFO 2025-06-21 18:17:24,032 basehttp 10975 137842533594816 "GET / HTTP/1.1" 200 52269
INFO 2025-06-21 18:17:24,073 basehttp 10975 137842533594816 "GET /static/css/dist/styles.css?v=1750526244 HTTP/1.1" 200 62143
INFO 2025-06-21 18:17:28,690 basehttp 10975 137842533594816 "GET /accounts/login/ HTTP/1.1" 200 22243
INFO 2025-06-21 18:17:28,720 basehttp 10975 137842533594816 "GET /static/css/dist/styles.css?v=1750526248 HTTP/1.1" 200 62143
INFO 2025-06-21 18:17:45,066 basehttp 10975 137842533594816 "POST /accounts/login/ HTTP/1.1" 302 0
INFO 2025-06-21 18:17:45,101 basehttp 10975 137842533594816 "GET / HTTP/1.1" 200 56755
INFO 2025-06-21 18:17:45,183 basehttp 10975 137842533594816 "GET /static/css/dist/styles.css?v=1750526265 HTTP/1.1" 200 62143
INFO 2025-06-21 18:17:51,537 basehttp 10975 137842533594816 "GET /dashboard/ HTTP/1.1" 200 25127
INFO 2025-06-21 18:17:51,569 basehttp 10975 137842533594816 "GET /static/css/dist/styles.css?v=1750526271 HTTP/1.1" 200 62143
INFO 2025-06-21 18:17:56,585 basehttp 10975 137842525202112 "GET /media/products/premium_photo-1658506994023-ee0b3a947f8d1.png HTTP/1.1" 304 0
INFO 2025-06-21 18:18:07,491 basehttp 10975 137842533594816 "GET /dashboard/orders/ HTTP/1.1" 200 24802
INFO 2025-06-21 18:18:07,540 basehttp 10975 137842525202112 "GET /static/css/dist/styles.css?v=1750526287 HTTP/1.1" 200 62143
INFO 2025-06-21 18:18:15,101 basehttp 10975 137842533594816 "GET /dashboard/products/ HTTP/1.1" 200 17855
INFO 2025-06-21 18:18:15,147 basehttp 10975 137842525202112 "GET /static/css/dist/styles.css?v=1750526295 HTTP/1.1" 200 62143
INFO 2025-06-21 18:18:27,128 basehttp 10975 137842533594816 "GET /dashboard/users/ HTTP/1.1" 200 23349
INFO 2025-06-21 18:18:27,167 basehttp 10975 137842525202112 "GET /static/css/dist/styles.css?v=1750526307 HTTP/1.1" 200 62143
INFO 2025-06-21 18:18:37,166 basehttp 10975 137842533594816 "GET /dashboard/analytics/ HTTP/1.1" 200 19451
INFO 2025-06-21 18:18:37,201 basehttp 10975 137842525202112 "GET /static/css/dist/styles.css?v=1750526317 HTTP/1.1" 200 62143
INFO 2025-06-21 18:18:44,388 basehttp 10975 137842533594816 "GET /dashboard/settings/ HTTP/1.1" 200 22519
INFO 2025-06-21 18:18:44,430 basehttp 10975 137842525202112 "GET /static/css/dist/styles.css?v=1750526324 HTTP/1.1" 200 62143
INFO 2025-06-21 18:19:10,405 basehttp 10975 137842533594816 "POST /dashboard/settings/ HTTP/1.1" 302 0
INFO 2025-06-21 18:19:10,428 basehttp 10975 137842525202112 "GET /dashboard/settings/ HTTP/1.1" 200 22870
INFO 2025-06-21 18:19:10,458 basehttp 10975 137842525202112 "GET /static/css/dist/styles.css?v=1750526350 HTTP/1.1" 200 62143
INFO 2025-06-21 18:19:25,226 basehttp 10975 137842533594816 "GET /dashboard/ HTTP/1.1" 200 25127
INFO 2025-06-21 18:19:25,265 basehttp 10975 137842525202112 "GET /static/css/dist/styles.css?v=1750526365 HTTP/1.1" 200 62143
INFO 2025-06-21 18:19:32,304 basehttp 10975 137842533594816 "GET / HTTP/1.1" 200 55062
INFO 2025-06-21 18:19:32,349 basehttp 10975 137842525202112 "GET /static/css/dist/styles.css?v=1750526372 HTTP/1.1" 200 62143
INFO 2025-06-21 18:19:45,764 basehttp 10975 137842533594816 "GET /contact/ HTTP/1.1" 200 39252
INFO 2025-06-21 18:19:45,804 basehttp 10975 137842525202112 "GET /static/css/dist/styles.css?v=1750526385 HTTP/1.1" 200 62143
INFO 2025-06-21 18:19:53,007 basehttp 10975 137842533594816 "GET /dashboard/ HTTP/1.1" 200 25127
INFO 2025-06-21 18:19:53,042 basehttp 10975 137842525202112 "GET /static/css/dist/styles.css?v=1750526392 HTTP/1.1" 200 62143
INFO 2025-06-21 18:20:00,806 basehttp 10975 137842533594816 "GET /admin/ HTTP/1.1" 200 13576
INFO 2025-06-21 18:20:00,850 basehttp 10975 137842525202112 "GET /static/admin/css/base.css HTTP/1.1" 304 0
INFO 2025-06-21 18:20:00,854 basehttp 10975 137842525202112 "GET /static/admin/css/dark_mode.css HTTP/1.1" 304 0
INFO 2025-06-21 18:20:00,854 basehttp 10975 137842533594816 "GET /static/admin/css/nav_sidebar.css HTTP/1.1" 304 0
INFO 2025-06-21 18:20:00,855 basehttp 10975 137842508416704 "GET /static/admin/css/responsive.css HTTP/1.1" 304 0
INFO 2025-06-21 18:20:00,857 basehttp 10975 137842516809408 "GET /static/admin/css/dashboard.css HTTP/1.1" 304 0
INFO 2025-06-21 18:20:00,857 basehttp 10975 137842500024000 "GET /static/admin/js/theme.js HTTP/1.1" 304 0
INFO 2025-06-21 18:20:00,857 basehttp 10975 137842491631296 "GET /static/admin/js/nav_sidebar.js HTTP/1.1" 304 0
INFO 2025-06-21 18:20:00,903 basehttp 10975 137842525202112 "GET /static/admin/img/icon-addlink.svg HTTP/1.1" 200 331
INFO 2025-06-21 18:20:00,904 basehttp 10975 137842508416704 "GET /static/admin/img/icon-changelink.svg HTTP/1.1" 200 380
INFO 2025-06-21 18:20:04,444 basehttp 10975 137842533594816 "GET /dashboard/ HTTP/1.1" 200 25127
INFO 2025-06-21 18:20:04,479 basehttp 10975 137842525202112 "GET /static/css/dist/styles.css?v=1750526404 HTTP/1.1" 200 62143
INFO 2025-06-21 18:20:19,571 basehttp 10975 137842533594816 "GET /dashboard/orders/ HTTP/1.1" 200 24802
INFO 2025-06-21 18:20:19,610 basehttp 10975 137842525202112 "GET /static/css/dist/styles.css?v=1750526419 HTTP/1.1" 200 62143
INFO 2025-06-21 18:20:33,485 basehttp 10975 137842533594816 "GET /dashboard/orders/?search=B8&status= HTTP/1.1" 200 17961
INFO 2025-06-21 18:20:33,538 basehttp 10975 137842525202112 "GET /static/css/dist/styles.css?v=1750526433 HTTP/1.1" 200 62143
INFO 2025-06-21 18:20:40,600 basehttp 10975 137842533594816 "POST /dashboard/orders/3/update-status/ HTTP/1.1" 302 0
INFO 2025-06-21 18:20:40,631 basehttp 10975 137842525202112 "GET /dashboard/orders/ HTTP/1.1" 200 25140
INFO 2025-06-21 18:20:40,662 basehttp 10975 137842525202112 "GET /static/css/dist/styles.css?v=1750526440 HTTP/1.1" 200 62143
INFO 2025-06-21 18:20:55,132 basehttp 10975 137842533594816 "GET / HTTP/1.1" 200 55062
INFO 2025-06-21 18:20:55,171 basehttp 10975 137842525202112 "GET /static/css/dist/styles.css?v=1750526455 HTTP/1.1" 200 62143
INFO 2025-06-21 18:20:59,379 basehttp 10975 137842533594816 "GET /dashboard/ HTTP/1.1" 200 25098
INFO 2025-06-21 18:20:59,414 basehttp 10975 137842525202112 "GET /static/css/dist/styles.css?v=1750526459 HTTP/1.1" 200 62143
INFO 2025-06-21 18:21:02,670 basehttp 10975 137842533594816 "GET /dashboard/settings/ HTTP/1.1" 200 22519
INFO 2025-06-21 18:21:02,696 basehttp 10975 137842525202112 "GET /static/css/dist/styles.css?v=1750526462 HTTP/1.1" 200 62143
INFO 2025-06-21 18:21:14,634 basehttp 10975 137842533594816 "POST /dashboard/settings/ HTTP/1.1" 302 0
INFO 2025-06-21 18:21:14,655 basehttp 10975 137842525202112 "GET /dashboard/settings/ HTTP/1.1" 200 22870
INFO 2025-06-21 18:21:14,683 basehttp 10975 137842525202112 "GET /static/css/dist/styles.css?v=1750526474 HTTP/1.1" 200 62143
INFO 2025-06-21 18:21:18,275 basehttp 10975 137842533594816 "GET /dashboard/users/ HTTP/1.1" 200 23349
INFO 2025-06-21 18:21:18,306 basehttp 10975 137842525202112 "GET /static/css/dist/styles.css?v=1750526478 HTTP/1.1" 200 62143
INFO 2025-06-21 18:21:18,853 basehttp 10975 137842533594816 "GET /dashboard/users/ HTTP/1.1" 200 23349
INFO 2025-06-21 18:21:19,916 basehttp 10975 137842525202112 "GET /dashboard/analytics/ HTTP/1.1" 200 19451
INFO 2025-06-21 18:21:19,940 basehttp 10975 137842525202112 "GET /static/css/dist/styles.css?v=1750526479 HTTP/1.1" 200 62143
INFO 2025-06-21 18:21:20,956 basehttp 10975 137842533594816 "GET /dashboard/settings/ HTTP/1.1" 200 22519
INFO 2025-06-21 18:21:20,990 basehttp 10975 137842525202112 "GET /static/css/dist/styles.css?v=1750526480 HTTP/1.1" 200 62143
INFO 2025-06-21 18:21:52,000 basehttp 10975 137842533594816 "GET /dashboard/users/ HTTP/1.1" 200 23349
INFO 2025-06-21 18:21:52,032 basehttp 10975 137842525202112 "GET /static/css/dist/styles.css?v=1750526511 HTTP/1.1" 200 62143
INFO 2025-06-21 18:21:52,895 basehttp 10975 137842533594816 "GET /dashboard/products/ HTTP/1.1" 200 17855
INFO 2025-06-21 18:21:52,928 basehttp 10975 137842525202112 "GET /static/css/dist/styles.css?v=1750526512 HTTP/1.1" 200 62143
INFO 2025-06-21 18:21:53,841 basehttp 10975 137842533594816 "GET /dashboard/orders/ HTTP/1.1" 200 24773
INFO 2025-06-21 18:21:53,870 basehttp 10975 137842525202112 "GET /static/css/dist/styles.css?v=1750526513 HTTP/1.1" 200 62143
INFO 2025-06-21 18:21:54,744 basehttp 10975 137842533594816 "GET /dashboard/ HTTP/1.1" 200 25098
INFO 2025-06-21 18:21:54,778 basehttp 10975 137842525202112 "GET /static/css/dist/styles.css?v=1750526514 HTTP/1.1" 200 62143
INFO 2025-06-21 18:22:15,521 basehttp 10975 137842533594816 "GET / HTTP/1.1" 200 55062
INFO 2025-06-21 18:22:15,550 basehttp 10975 137842525202112 "GET /static/css/dist/styles.css?v=1750526535 HTTP/1.1" 200 62143
INFO 2025-06-21 18:23:02,786 basehttp 10975 137842533594816 "GET /accounts/logout/ HTTP/1.1" 302 0
INFO 2025-06-21 18:23:02,831 basehttp 10975 137842525202112 "GET / HTTP/1.1" 200 53965
INFO 2025-06-21 18:23:02,860 basehttp 10975 137842525202112 "GET /static/css/dist/styles.css?v=1750526582 HTTP/1.1" 200 62143
INFO 2025-06-21 18:23:45,210 basehttp 10975 137842533594816 "GET /products/ HTTP/1.1" 200 21509
INFO 2025-06-21 18:23:45,244 basehttp 10975 137842525202112 "GET /static/css/dist/styles.css?v=1750526625 HTTP/1.1" 200 62143
INFO 2025-06-21 18:23:48,489 basehttp 10975 137842533594816 "GET /products/?category=cocktail HTTP/1.1" 200 19339
INFO 2025-06-21 18:23:48,523 basehttp 10975 137842525202112 "GET /static/css/dist/styles.css?v=1750526628 HTTP/1.1" 200 62143
INFO 2025-06-21 18:23:49,389 basehttp 10975 137842533594816 "GET /products/?category=jus HTTP/1.1" 200 21509
INFO 2025-06-21 18:23:49,411 basehttp 10975 137842525202112 "GET /static/css/dist/styles.css?v=1750526629 HTTP/1.1" 200 62143
INFO 2025-06-21 18:23:50,229 basehttp 10975 137842533594816 "GET /products/?category=cocktail HTTP/1.1" 200 19339
INFO 2025-06-21 18:23:50,269 basehttp 10975 137842525202112 "GET /static/css/dist/styles.css?v=1750526630 HTTP/1.1" 200 62143
INFO 2025-06-21 18:23:56,954 basehttp 10975 137842533594816 "GET /contact/ HTTP/1.1" 200 35761
INFO 2025-06-21 18:23:56,992 basehttp 10975 137842525202112 "GET /static/css/dist/styles.css?v=1750526636 HTTP/1.1" 200 62143
INFO 2025-06-21 18:23:58,031 basehttp 10975 137842533594816 "GET /about/ HTTP/1.1" 200 34230
INFO 2025-06-21 18:23:58,060 basehttp 10975 137842525202112 "GET /static/css/dist/styles.css?v=1750526638 HTTP/1.1" 200 62143
INFO 2025-06-21 18:23:59,065 basehttp 10975 137842533594816 "GET /products/ HTTP/1.1" 200 21509
INFO 2025-06-21 18:23:59,091 basehttp 10975 137842525202112 "GET /static/css/dist/styles.css?v=1750526639 HTTP/1.1" 200 62143
INFO 2025-06-21 18:24:00,949 basehttp 10975 137842533594816 "GET / HTTP/1.1" 200 52269
INFO 2025-06-21 18:24:00,971 basehttp 10975 137842525202112 "GET /static/css/dist/styles.css?v=1750526640 HTTP/1.1" 200 62143
INFO 2025-06-21 18:27:27,326 basehttp 10975 137842533594816 "GET / HTTP/1.1" 200 55062
INFO 2025-06-21 18:27:27,348 basehttp 10975 137842533594816 "GET /static/css/dist/styles.css?v=1750526847 HTTP/1.1" 200 62143
INFO 2025-06-21 18:27:27,942 basehttp 10975 137842533594816 "GET / HTTP/1.1" 200 55062
INFO 2025-06-21 18:27:28,439 basehttp 10975 137842533594816 "GET / HTTP/1.1" 200 55062
INFO 2025-06-21 18:27:28,454 basehttp 10975 137842533594816 "GET /static/css/dist/styles.css?v=1750526848 HTTP/1.1" 200 62143
INFO 2025-06-21 18:27:28,752 basehttp 10975 137842533594816 "GET / HTTP/1.1" 200 55062
INFO 2025-06-21 18:27:29,046 basehttp 10975 137842533594816 "GET / HTTP/1.1" 200 55062
INFO 2025-06-21 18:27:29,149 basehttp 10975 137842533594816 "GET / HTTP/1.1" 200 55062
INFO 2025-06-21 18:27:29,178 basehttp 10975 137842533594816 "GET /static/css/dist/styles.css?v=1750526849 HTTP/1.1" 200 62143
INFO 2025-06-21 18:27:29,192 basehttp 10975 137842525202112 "GET /static/css/dist/styles.css?v=1750526849 HTTP/1.1" 200 62143
INFO 2025-06-21 18:27:29,397 basehttp 10975 137842525202112 "GET / HTTP/1.1" 200 55062
INFO 2025-06-21 18:27:29,614 basehttp 10975 137842525202112 "GET / HTTP/1.1" 200 55062
INFO 2025-06-21 18:27:29,657 basehttp 10975 137842525202112 "GET / HTTP/1.1" 200 55062
INFO 2025-06-21 18:28:02,445 basehttp 10975 137842525202112 "GET / HTTP/1.1" 200 55047
INFO 2025-06-21 18:28:02,471 basehttp 10975 137842525202112 "GET /static/css/dist/styles.css?v=1750526882 HTTP/1.1" 200 62143
INFO 2025-06-21 18:28:03,394 basehttp 10975 137842525202112 "GET / HTTP/1.1" 200 55047
INFO 2025-06-21 18:28:03,422 basehttp 10975 137842525202112 "GET /static/css/dist/styles.css?v=1750526883 HTTP/1.1" 200 62143
INFO 2025-06-21 18:28:03,864 basehttp 10975 137842525202112 "GET / HTTP/1.1" 200 55047
INFO 2025-06-21 18:28:04,127 basehttp 10975 137842525202112 "GET / HTTP/1.1" 200 55047
INFO 2025-06-21 18:28:04,146 basehttp 10975 137842525202112 "GET /static/css/dist/styles.css?v=1750526884 HTTP/1.1" 200 62143
INFO 2025-06-21 18:28:51,409 basehttp 10975 137842525202112 "GET /dashboard/ HTTP/1.1" 200 25098
INFO 2025-06-21 18:28:51,466 basehttp 10975 137842525202112 "GET /static/css/dist/styles.css?v=1750526931 HTTP/1.1" 200 62143
INFO 2025-06-21 18:29:00,310 basehttp 10975 137842525202112 "GET /dashboard/users/ HTTP/1.1" 200 23349
INFO 2025-06-21 18:29:00,335 basehttp 10975 137842525202112 "GET /static/css/dist/styles.css?v=1750526940 HTTP/1.1" 200 62143
INFO 2025-06-21 18:29:00,577 basehttp 10975 137842533594816 "GET /media/avatars/premium_photo-1658506994023-ee0b3a947f8d1.png HTTP/1.1" 200 18340679
INFO 2025-06-21 18:29:27,223 basehttp 10975 137842533594816 "GET /dashboard/analytics/ HTTP/1.1" 200 19451
INFO 2025-06-21 18:29:27,251 basehttp 10975 137842533594816 "GET /static/css/dist/styles.css?v=1750526967 HTTP/1.1" 200 62143
INFO 2025-06-21 18:29:38,920 basehttp 10975 137842533594816 "GET /dashboard/products/ HTTP/1.1" 200 17855
INFO 2025-06-21 18:29:38,942 basehttp 10975 137842533594816 "GET /static/css/dist/styles.css?v=1750526978 HTTP/1.1" 200 62143
INFO 2025-06-21 18:29:40,274 basehttp 10975 137842533594816 "GET /dashboard/ HTTP/1.1" 200 25098
INFO 2025-06-21 18:29:40,295 basehttp 10975 137842533594816 "GET /static/css/dist/styles.css?v=1750526980 HTTP/1.1" 200 62143
INFO 2025-06-21 18:29:43,775 basehttp 10975 137842533594816 "GET /dashboard/analytics/ HTTP/1.1" 200 19451
INFO 2025-06-21 18:29:43,801 basehttp 10975 137842533594816 "GET /static/css/dist/styles.css?v=1750526983 HTTP/1.1" 200 62143
INFO 2025-06-21 18:30:47,042 basehttp 10975 137842533594816 "GET / HTTP/1.1" 200 55047
INFO 2025-06-21 18:30:47,072 basehttp 10975 137842533594816 "GET /static/css/dist/styles.css?v=1750527047 HTTP/1.1" 200 62143
INFO 2025-06-21 18:30:53,850 basehttp 10975 137842533594816 "GET /accounts/logout/ HTTP/1.1" 302 0
INFO 2025-06-21 18:30:53,891 basehttp 10975 137842533594816 "GET / HTTP/1.1" 200 53950
INFO 2025-06-21 18:30:53,953 basehttp 10975 137842533594816 "GET /static/css/dist/styles.css?v=1750527053 HTTP/1.1" 200 62143
INFO 2025-06-21 18:30:56,256 basehttp 10975 137842533594816 "GET /accounts/login/ HTTP/1.1" 200 22228
INFO 2025-06-21 18:30:56,280 basehttp 10975 137842533594816 "GET /static/css/dist/styles.css?v=1750527056 HTTP/1.1" 200 62143
INFO 2025-06-21 18:31:09,335 basehttp 10975 137842533594816 "POST /accounts/login/ HTTP/1.1" 302 0
INFO 2025-06-21 18:31:09,358 basehttp 10975 137842533594816 "GET / HTTP/1.1" 200 56740
INFO 2025-06-21 18:31:09,425 basehttp 10975 137842533594816 "GET /static/css/dist/styles.css?v=1750527069 HTTP/1.1" 200 62143
INFO 2025-06-21 18:31:18,522 basehttp 10975 137842533594816 "GET /accounts/profile/ HTTP/1.1" 200 37203
INFO 2025-06-21 18:31:18,547 basehttp 10975 137842533594816 "GET /static/css/dist/styles.css?v=1750527078 HTTP/1.1" 200 62143
INFO 2025-06-21 18:31:22,972 basehttp 10975 137842533594816 "GET /admin/ HTTP/1.1" 200 13576
INFO 2025-06-21 18:31:27,929 basehttp 10975 137842533594816 "GET / HTTP/1.1" 200 55047
INFO 2025-06-21 18:31:27,959 basehttp 10975 137842533594816 "GET /static/css/dist/styles.css?v=1750527087 HTTP/1.1" 200 62143
INFO 2025-06-21 18:31:29,542 basehttp 10975 137842533594816 "GET /dashboard/ HTTP/1.1" 200 25098
INFO 2025-06-21 18:31:29,573 basehttp 10975 137842533594816 "GET /static/css/dist/styles.css?v=1750527089 HTTP/1.1" 200 62143
INFO 2025-06-21 18:31:32,246 basehttp 10975 137842533594816 "GET /dashboard/users/ HTTP/1.1" 200 23349
INFO 2025-06-21 18:31:32,272 basehttp 10975 137842533594816 "GET /static/css/dist/styles.css?v=1750527092 HTTP/1.1" 200 62143
INFO 2025-06-21 18:31:33,618 basehttp 10975 137842533594816 "GET /dashboard/orders/ HTTP/1.1" 200 24773
INFO 2025-06-21 18:31:33,641 basehttp 10975 137842533594816 "GET /static/css/dist/styles.css?v=1750527093 HTTP/1.1" 200 62143
INFO 2025-06-21 18:31:34,955 basehttp 10975 137842533594816 "GET /dashboard/users/ HTTP/1.1" 200 23349
INFO 2025-06-21 18:31:34,979 basehttp 10975 137842533594816 "GET /static/css/dist/styles.css?v=1750527094 HTTP/1.1" 200 62143
INFO 2025-06-21 18:31:38,903 basehttp 10975 137842533594816 "GET /dashboard/users/?search=admin HTTP/1.1" 200 16198
INFO 2025-06-21 18:31:38,942 basehttp 10975 137842533594816 "GET /static/css/dist/styles.css?v=1750527098 HTTP/1.1" 200 62143
INFO 2025-06-21 18:31:48,095 basehttp 10975 137842533594816 "GET /dashboard/users/?search=ina HTTP/1.1" 200 18258
INFO 2025-06-21 18:31:48,123 basehttp 10975 137842533594816 "GET /static/css/dist/styles.css?v=1750527108 HTTP/1.1" 200 62143
INFO 2025-06-21 18:32:15,896 basehttp 10975 137842533594816 "GET /dashboard/ HTTP/1.1" 200 25098
INFO 2025-06-21 18:32:15,935 basehttp 10975 137842533594816 "GET /static/css/dist/styles.css?v=1750527135 HTTP/1.1" 200 62143
INFO 2025-06-21 18:32:17,218 basehttp 10975 137842533594816 "GET /dashboard/ HTTP/1.1" 200 25098
INFO 2025-06-21 18:32:17,231 basehttp 10975 137842533594816 "GET /static/css/dist/styles.css?v=1750527137 HTTP/1.1" 200 62143
INFO 2025-06-21 18:43:31,599 basehttp 10975 137842533594816 "GET / HTTP/1.1" 200 55047
INFO 2025-06-21 18:43:31,610 basehttp 10975 137842533594816 "GET /static/css/dist/styles.css?v=1750527811 HTTP/1.1" 200 62143
INFO 2025-06-21 18:53:33,038 basehttp 10975 137842533594816 "GET /accounts/login/ HTTP/1.1" 200 22228
INFO 2025-06-21 18:53:33,082 basehttp 10975 137842533594816 "GET /static/css/dist/styles.css?v=1750528413 HTTP/1.1" 200 62143
INFO 2025-06-21 18:53:37,682 basehttp 10975 137842533594816 "GET /accounts/password-reset/ HTTP/1.1" 200 20424
INFO 2025-06-21 18:53:37,718 basehttp 10975 137842533594816 "GET /static/css/dist/styles.css?v=1750528417 HTTP/1.1" 200 62143
INFO 2025-06-21 18:53:55,379 basehttp 10975 137842533594816 "POST /accounts/password-reset/ HTTP/1.1" 302 0
INFO 2025-06-21 18:53:55,398 basehttp 10975 137842533594816 "GET /accounts/password-reset/done/ HTTP/1.1" 200 18562
INFO 2025-06-21 18:53:55,478 basehttp 10975 137842533594816 "GET /static/css/dist/styles.css?v=1750528435 HTTP/1.1" 200 62143
INFO 2025-06-21 18:54:57,737 autoreload 10975 137842712825984 /home/kartiqus/Documents/ptitpastek/petitpastek/settings.py changed, reloading.
INFO 2025-06-21 18:54:58,096 autoreload 15654 129734956138624 Watching for file changes with StatReloader
INFO 2025-06-21 18:56:35,584 autoreload 15654 129734956138624 /home/kartiqus/Documents/ptitpastek/petitpastek/settings.py changed, reloading.
INFO 2025-06-21 18:56:36,010 autoreload 15776 128078326763648 Watching for file changes with StatReloader
INFO 2025-06-21 18:56:45,643 basehttp 15776 128078219048640 "GET /accounts/register/ HTTP/1.1" 200 23668
INFO 2025-06-21 18:56:45,690 basehttp 15776 128078219048640 "GET /static/css/dist/styles.css?v=1750528605 HTTP/1.1" 200 62143
INFO 2025-06-21 18:56:48,879 basehttp 15776 128078219048640 "GET /accounts/login/ HTTP/1.1" 200 22228
INFO 2025-06-21 18:56:48,923 basehttp 15776 128078219048640 "GET /static/css/dist/styles.css?v=1750528608 HTTP/1.1" 200 62143
INFO 2025-06-21 18:56:50,990 basehttp 15776 128078219048640 "GET /accounts/password-reset/ HTTP/1.1" 200 20424
INFO 2025-06-21 18:56:51,014 basehttp 15776 128078219048640 "GET /static/css/dist/styles.css?v=1750528610 HTTP/1.1" 200 62143
ERROR 2025-06-21 18:57:01,019 log 15776 128078219048640 Internal Server Error: /accounts/password-reset/
Traceback (most recent call last):
  File "/home/kartiqus/Documents/chairceleste/env/lib/python3.12/site-packages/django/core/handlers/exception.py", line 55, in inner
    response = get_response(request)
               ^^^^^^^^^^^^^^^^^^^^^
  File "/home/kartiqus/Documents/chairceleste/env/lib/python3.12/site-packages/django/core/handlers/base.py", line 197, in _get_response
    response = wrapped_callback(request, *callback_args, **callback_kwargs)
               ^^^^^^^^^^^^^^^^^^^^^^^^^^^^^^^^^^^^^^^^^^^^^^^^^^^^^^^^^^^^
  File "/home/kartiqus/Documents/chairceleste/env/lib/python3.12/site-packages/django/views/generic/base.py", line 104, in view
    return self.dispatch(request, *args, **kwargs)
           ^^^^^^^^^^^^^^^^^^^^^^^^^^^^^^^^^^^^^^^
  File "/home/kartiqus/Documents/chairceleste/env/lib/python3.12/site-packages/django/utils/decorators.py", line 46, in _wrapper
    return bound_method(*args, **kwargs)
           ^^^^^^^^^^^^^^^^^^^^^^^^^^^^^
  File "/home/kartiqus/Documents/chairceleste/env/lib/python3.12/site-packages/django/utils/decorators.py", line 134, in _wrapper_view
    response = view_func(request, *args, **kwargs)
               ^^^^^^^^^^^^^^^^^^^^^^^^^^^^^^^^^^^
  File "/home/kartiqus/Documents/chairceleste/env/lib/python3.12/site-packages/django/contrib/auth/views.py", line 242, in dispatch
    return super().dispatch(*args, **kwargs)
           ^^^^^^^^^^^^^^^^^^^^^^^^^^^^^^^^^
  File "/home/kartiqus/Documents/chairceleste/env/lib/python3.12/site-packages/django/views/generic/base.py", line 143, in dispatch
    return handler(request, *args, **kwargs)
           ^^^^^^^^^^^^^^^^^^^^^^^^^^^^^^^^^
  File "/home/kartiqus/Documents/chairceleste/env/lib/python3.12/site-packages/django/views/generic/edit.py", line 153, in post
    return self.form_valid(form)
           ^^^^^^^^^^^^^^^^^^^^^
  File "/home/kartiqus/Documents/chairceleste/env/lib/python3.12/site-packages/django/contrib/auth/views.py", line 255, in form_valid
    form.save(**opts)
  File "/home/kartiqus/Documents/chairceleste/env/lib/python3.12/site-packages/django/contrib/auth/forms.py", line 376, in save
    self.send_mail(
  File "/home/kartiqus/Documents/chairceleste/env/lib/python3.12/site-packages/django/contrib/auth/forms.py", line 317, in send_mail
    email_message.send()
  File "/home/kartiqus/Documents/chairceleste/env/lib/python3.12/site-packages/django/core/mail/message.py", line 298, in send
    return self.get_connection(fail_silently).send_messages([self])
           ^^^^^^^^^^^^^^^^^^^^^^^^^^^^^^^^^^^^^^^^^^^^^^^^^^^^^^^^
  File "/home/kartiqus/Documents/chairceleste/env/lib/python3.12/site-packages/django/core/mail/backends/smtp.py", line 134, in send_messages
    sent = self._send(message)
           ^^^^^^^^^^^^^^^^^^^
  File "/home/kartiqus/Documents/chairceleste/env/lib/python3.12/site-packages/django/core/mail/backends/smtp.py", line 146, in _send
    from_email = sanitize_address(email_message.from_email, encoding)
                 ^^^^^^^^^^^^^^^^^^^^^^^^^^^^^^^^^^^^^^^^^^^^^^^^^^^^
  File "/home/kartiqus/Documents/chairceleste/env/lib/python3.12/site-packages/django/core/mail/message.py", line 92, in sanitize_address
    raise ValueError(
ValueError: Invalid address; only La P'tit Pastèk  could be parsed from "La P'tit Pastèk <vicaire.des.ombres@gmail.com@gmail.com>"
ERROR 2025-06-21 18:57:01,020 basehttp 15776 128078219048640 "POST /accounts/password-reset/ HTTP/1.1" 500 153059
INFO 2025-06-21 18:57:19,979 autoreload 15776 128078326763648 /home/kartiqus/Documents/ptitpastek/petitpastek/settings.py changed, reloading.
INFO 2025-06-21 18:57:20,376 autoreload 15986 137631485677696 Watching for file changes with StatReloader
INFO 2025-06-21 18:57:27,646 basehttp 15986 137631379748544 "POST /accounts/password-reset/ HTTP/1.1" 302 0
INFO 2025-06-21 18:57:27,681 basehttp 15986 137631379748544 "GET /accounts/password-reset/done/ HTTP/1.1" 200 18562
INFO 2025-06-21 18:57:27,770 basehttp 15986 137631379748544 "GET /static/css/dist/styles.css?v=1750528647 HTTP/1.1" 200 62143
INFO 2025-06-21 18:58:08,568 basehttp 15986 137631379748544 "GET /contact/ HTTP/1.1" 200 35746
INFO 2025-06-21 18:58:08,614 basehttp 15986 137631379748544 "GET /static/css/dist/styles.css?v=1750528688 HTTP/1.1" 200 62143
INFO 2025-06-21 18:58:09,649 basehttp 15986 137631379748544 "GET /accounts/login/ HTTP/1.1" 200 22228
INFO 2025-06-21 18:58:09,686 basehttp 15986 137631379748544 "GET /static/css/dist/styles.css?v=1750528689 HTTP/1.1" 200 62143
INFO 2025-06-21 18:58:12,839 basehttp 15986 137631379748544 "GET /accounts/password-reset/ HTTP/1.1" 200 20424
INFO 2025-06-21 18:58:12,873 basehttp 15986 137631379748544 "GET /static/css/dist/styles.css?v=1750528692 HTTP/1.1" 200 62143
INFO 2025-06-21 18:58:24,185 basehttp 15986 137631379748544 "GET /admin/ HTTP/1.1" 302 0
INFO 2025-06-21 18:58:24,222 basehttp 15986 137631379748544 "GET /admin/login/?next=/admin/ HTTP/1.1" 200 4265
INFO 2025-06-21 18:58:24,308 basehttp 15986 137631379748544 "GET /static/admin/css/login.css HTTP/1.1" 304 0
INFO 2025-06-21 18:58:27,421 basehttp 15986 137631379748544 "POST /admin/login/?next=/admin/ HTTP/1.1" 200 4501
INFO 2025-06-21 18:58:30,338 basehttp 15986 137631379748544 "POST /admin/login/?next=/admin/ HTTP/1.1" 302 0
INFO 2025-06-21 18:58:30,376 basehttp 15986 137631379748544 "GET /admin/ HTTP/1.1" 200 13576
INFO 2025-06-21 18:58:32,609 basehttp 15986 137631379748544 "GET /admin/accounts/user/ HTTP/1.1" 200 16514
INFO 2025-06-21 18:58:32,662 basehttp 15986 137631371355840 "GET /static/admin/css/changelists.css HTTP/1.1" 200 6566
INFO 2025-06-21 18:58:32,669 basehttp 15986 137631136470720 "GET /static/admin/js/core.js HTTP/1.1" 200 5682
INFO 2025-06-21 18:58:32,670 basehttp 15986 137631144863424 "GET /static/admin/js/jquery.init.js HTTP/1.1" 200 347
INFO 2025-06-21 18:58:32,672 basehttp 15986 137631136470720 "GET /static/admin/js/urlify.js HTTP/1.1" 200 7887
INFO 2025-06-21 18:58:32,673 basehttp 15986 137631371355840 "GET /static/admin/js/actions.js HTTP/1.1" 200 7872
INFO 2025-06-21 18:58:32,674 basehttp 15986 137631128078016 "GET /static/admin/js/admin/RelatedObjectLookups.js HTTP/1.1" 200 8943
INFO 2025-06-21 18:58:32,675 basehttp 15986 137631144863424 "GET /static/admin/js/prepopulate.js HTTP/1.1" 200 1531
INFO 2025-06-21 18:58:32,676 basehttp 15986 137631153256128 "GET /static/admin/js/vendor/jquery/jquery.js HTTP/1.1" 200 292458
INFO 2025-06-21 18:58:32,678 basehttp 15986 137631128078016 "GET /static/admin/js/vendor/xregexp/xregexp.js HTTP/1.1" 200 232381
INFO 2025-06-21 18:58:32,685 basehttp 15986 137631379748544 "GET /admin/jsi18n/ HTTP/1.1" 200 8621
INFO 2025-06-21 18:58:32,686 basehttp 15986 137631379748544 "GET /static/admin/js/filters.js HTTP/1.1" 200 978
INFO 2025-06-21 18:58:32,722 basehttp 15986 137631371355840 "GET /static/admin/img/icon-no.svg HTTP/1.1" 200 560
INFO 2025-06-21 18:58:32,722 basehttp 15986 137631153256128 "GET /static/admin/img/icon-yes.svg HTTP/1.1" 200 436
INFO 2025-06-21 18:58:32,722 basehttp 15986 137631136470720 "GET /static/admin/img/search.svg HTTP/1.1" 200 458
INFO 2025-06-21 18:58:32,752 basehttp 15986 137631144863424 "GET /static/admin/img/sorting-icons.svg HTTP/1.1" 200 1097
INFO 2025-06-21 18:58:32,753 basehttp 15986 137631128078016 "GET /static/admin/img/tooltag-add.svg HTTP/1.1" 200 331
INFO 2025-06-21 18:58:39,570 basehttp 15986 137631153256128 "POST /admin/logout/ HTTP/1.1" 302 0
INFO 2025-06-21 18:58:39,618 basehttp 15986 137631153256128 "GET / HTTP/1.1" 200 52254
INFO 2025-06-21 18:58:39,704 basehttp 15986 137631153256128 "GET /static/css/dist/styles.css?v=1750528719 HTTP/1.1" 200 62143
INFO 2025-06-21 18:58:47,014 basehttp 15986 137631153256128 "GET /accounts/login/ HTTP/1.1" 200 22228
INFO 2025-06-21 18:58:47,057 basehttp 15986 137631153256128 "GET /static/css/dist/styles.css?v=1750528726 HTTP/1.1" 200 62143
INFO 2025-06-21 18:58:49,383 basehttp 15986 137631153256128 "GET / HTTP/1.1" 200 52254
INFO 2025-06-21 18:58:49,405 basehttp 15986 137631153256128 "GET /static/css/dist/styles.css?v=1750528729 HTTP/1.1" 200 62143
INFO 2025-06-21 18:58:51,288 basehttp 15986 137631153256128 "GET /accounts/login/ HTTP/1.1" 200 22228
INFO 2025-06-21 18:58:51,318 basehttp 15986 137631153256128 "GET /static/css/dist/styles.css?v=1750528731 HTTP/1.1" 200 62143
INFO 2025-06-21 18:58:53,691 basehttp 15986 137631153256128 "GET /accounts/password-reset/ HTTP/1.1" 200 20424
INFO 2025-06-21 18:58:53,719 basehttp 15986 137631153256128 "GET /static/css/dist/styles.css?v=1750528733 HTTP/1.1" 200 62143
INFO 2025-06-21 18:59:03,173 basehttp 15986 137631153256128 "POST /accounts/password-reset/ HTTP/1.1" 302 0
INFO 2025-06-21 18:59:03,204 basehttp 15986 137631153256128 "GET /accounts/password-reset/done/ HTTP/1.1" 200 18562
INFO 2025-06-21 18:59:03,280 basehttp 15986 137631153256128 "GET /static/css/dist/styles.css?v=1750528743 HTTP/1.1" 200 62143
INFO 2025-06-21 19:05:41,870 autoreload 15986 137631485677696 /home/kartiqus/Documents/ptitpastek/petitpastek/settings.py changed, reloading.
INFO 2025-06-21 19:05:42,224 autoreload 17201 134203874111616 Watching for file changes with StatReloader
INFO 2025-06-21 19:06:01,733 autoreload 17201 134203874111616 /home/kartiqus/Documents/ptitpastek/petitpastek/settings.py changed, reloading.
INFO 2025-06-21 19:06:02,063 autoreload 17316 131604302893184 Watching for file changes with StatReloader
INFO 2025-06-21 19:06:18,805 autoreload 17387 129711397101696 Watching for file changes with StatReloader
INFO 2025-06-21 19:06:31,797 basehttp 17387 129711220979392 "GET / HTTP/1.1" 200 55047
INFO 2025-06-21 19:06:31,846 basehttp 17387 129711220979392 "GET /static/css/dist/styles.css?v=1750529191 HTTP/1.1" 200 62143
INFO 2025-06-21 19:06:31,872 basehttp 17387 129711212586688 "GET /static/css/custom.css HTTP/1.1" 200 5443
INFO 2025-06-21 19:06:31,896 basehttp 17387 129711220979392 "GET /static/images/logo.png HTTP/1.1" 200 257246
INFO 2025-06-21 19:06:34,841 basehttp 17387 129711220979392 "GET /accounts/logout/ HTTP/1.1" 302 0
INFO 2025-06-21 19:06:34,883 basehttp 17387 129711220979392 "GET / HTTP/1.1" 200 53950
INFO 2025-06-21 19:06:34,938 basehttp 17387 129711220979392 "GET /static/css/dist/styles.css?v=1750529194 HTTP/1.1" 200 62143
INFO 2025-06-21 19:06:36,749 basehttp 17387 129711220979392 "GET /accounts/login/ HTTP/1.1" 200 22228
INFO 2025-06-21 19:06:36,785 basehttp 17387 129711220979392 "GET /static/css/dist/styles.css?v=1750529196 HTTP/1.1" 200 62143
INFO 2025-06-21 19:06:39,995 basehttp 17387 129711220979392 "GET /accounts/password-reset/ HTTP/1.1" 200 20424
INFO 2025-06-21 19:06:40,020 basehttp 17387 129711220979392 "GET /static/css/dist/styles.css?v=1750529199 HTTP/1.1" 200 62143
ERROR 2025-06-21 19:07:58,223 log 17387 129711220979392 Internal Server Error: /accounts/password-reset/
Traceback (most recent call last):
  File "/home/kartiqus/Documents/chairceleste/env/lib/python3.12/site-packages/django/core/handlers/exception.py", line 55, in inner
    response = get_response(request)
               ^^^^^^^^^^^^^^^^^^^^^
  File "/home/kartiqus/Documents/chairceleste/env/lib/python3.12/site-packages/django/core/handlers/base.py", line 197, in _get_response
    response = wrapped_callback(request, *callback_args, **callback_kwargs)
               ^^^^^^^^^^^^^^^^^^^^^^^^^^^^^^^^^^^^^^^^^^^^^^^^^^^^^^^^^^^^
  File "/home/kartiqus/Documents/chairceleste/env/lib/python3.12/site-packages/django/views/generic/base.py", line 104, in view
    return self.dispatch(request, *args, **kwargs)
           ^^^^^^^^^^^^^^^^^^^^^^^^^^^^^^^^^^^^^^^
  File "/home/kartiqus/Documents/chairceleste/env/lib/python3.12/site-packages/django/utils/decorators.py", line 46, in _wrapper
    return bound_method(*args, **kwargs)
           ^^^^^^^^^^^^^^^^^^^^^^^^^^^^^
  File "/home/kartiqus/Documents/chairceleste/env/lib/python3.12/site-packages/django/utils/decorators.py", line 134, in _wrapper_view
    response = view_func(request, *args, **kwargs)
               ^^^^^^^^^^^^^^^^^^^^^^^^^^^^^^^^^^^
  File "/home/kartiqus/Documents/chairceleste/env/lib/python3.12/site-packages/django/contrib/auth/views.py", line 242, in dispatch
    return super().dispatch(*args, **kwargs)
           ^^^^^^^^^^^^^^^^^^^^^^^^^^^^^^^^^
  File "/home/kartiqus/Documents/chairceleste/env/lib/python3.12/site-packages/django/views/generic/base.py", line 143, in dispatch
    return handler(request, *args, **kwargs)
           ^^^^^^^^^^^^^^^^^^^^^^^^^^^^^^^^^
  File "/home/kartiqus/Documents/chairceleste/env/lib/python3.12/site-packages/django/views/generic/edit.py", line 153, in post
    return self.form_valid(form)
           ^^^^^^^^^^^^^^^^^^^^^
  File "/home/kartiqus/Documents/chairceleste/env/lib/python3.12/site-packages/django/contrib/auth/views.py", line 255, in form_valid
    form.save(**opts)
  File "/home/kartiqus/Documents/chairceleste/env/lib/python3.12/site-packages/django/contrib/auth/forms.py", line 376, in save
    self.send_mail(
  File "/home/kartiqus/Documents/chairceleste/env/lib/python3.12/site-packages/django/contrib/auth/forms.py", line 317, in send_mail
    email_message.send()
  File "/home/kartiqus/Documents/chairceleste/env/lib/python3.12/site-packages/django/core/mail/message.py", line 298, in send
    return self.get_connection(fail_silently).send_messages([self])
           ^^^^^^^^^^^^^^^^^^^^^^^^^^^^^^^^^^^^^^^^^^^^^^^^^^^^^^^^
  File "/home/kartiqus/Documents/chairceleste/env/lib/python3.12/site-packages/django/core/mail/backends/smtp.py", line 127, in send_messages
    new_conn_created = self.open()
                       ^^^^^^^^^^^
  File "/home/kartiqus/Documents/chairceleste/env/lib/python3.12/site-packages/django/core/mail/backends/smtp.py", line 94, in open
    self.connection.login(self.username, self.password)
  File "/usr/lib/python3.12/smtplib.py", line 750, in login
    raise last_exception
  File "/usr/lib/python3.12/smtplib.py", line 739, in login
    (code, resp) = self.auth(
                   ^^^^^^^^^^
  File "/usr/lib/python3.12/smtplib.py", line 662, in auth
    raise SMTPAuthenticationError(code, resp)
smtplib.SMTPAuthenticationError: (535, b'5.7.8 Authentication failed')
ERROR 2025-06-21 19:07:58,225 basehttp 17387 129711220979392 "POST /accounts/password-reset/ HTTP/1.1" 500 164415
INFO 2025-06-21 19:08:21,123 autoreload 17387 129711397101696 /home/kartiqus/Documents/ptitpastek/petitpastek/settings.py changed, reloading.
INFO 2025-06-21 19:08:21,510 autoreload 17750 123153274773632 Watching for file changes with StatReloader
INFO 2025-06-23 12:45:52,183 autoreload 11048 131451736548864 Watching for file changes with StatReloader
INFO 2025-06-23 12:45:54,566 basehttp 11048 131451550955200 "GET / HTTP/1.1" 200 52254
INFO 2025-06-23 12:45:54,613 basehttp 11048 131451550955200 "GET /static/css/dist/styles.css?v=1750679154 HTTP/1.1" 200 62143
INFO 2025-06-23 12:45:54,621 basehttp 11048 131451542562496 "GET /static/css/custom.css HTTP/1.1" 200 5443
INFO 2025-06-23 12:45:54,623 basehttp 11048 131451534169792 "GET /static/images/logo.png HTTP/1.1" 200 257246
INFO 2025-06-23 12:46:24,188 basehttp 11048 131451534169792 "GET /accounts/register/ HTTP/1.1" 200 23668
INFO 2025-06-23 12:46:24,223 basehttp 11048 131451534169792 "GET /static/css/dist/styles.css?v=1750679184 HTTP/1.1" 200 62143
INFO 2025-06-23 12:46:44,638 basehttp 11048 131451534169792 "GET /accounts/login/ HTTP/1.1" 200 22228
INFO 2025-06-23 12:46:44,677 basehttp 11048 131451534169792 "GET /static/css/dist/styles.css?v=1750679204 HTTP/1.1" 200 62143
INFO 2025-06-23 12:46:57,882 basehttp 11048 131451534169792 "POST /accounts/login/ HTTP/1.1" 200 22658
INFO 2025-06-23 12:46:57,913 basehttp 11048 131451534169792 "GET /static/css/dist/styles.css?v=1750679217 HTTP/1.1" 200 62143
INFO 2025-06-23 12:47:03,568 basehttp 11048 131451534169792 "POST /accounts/login/ HTTP/1.1" 200 22658
INFO 2025-06-23 12:47:03,605 basehttp 11048 131451534169792 "GET /static/css/dist/styles.css?v=1750679223 HTTP/1.1" 200 62143
INFO 2025-06-23 12:47:11,474 basehttp 11048 131451534169792 "GET /admin/ HTTP/1.1" 302 0
INFO 2025-06-23 12:47:11,525 basehttp 11048 131451534169792 "GET /admin/login/?next=/admin/ HTTP/1.1" 200 4265
INFO 2025-06-23 12:47:11,577 basehttp 11048 131451534169792 "GET /static/admin/css/base.css HTTP/1.1" 304 0
INFO 2025-06-23 12:47:11,578 basehttp 11048 131451550955200 "GET /static/admin/css/nav_sidebar.css HTTP/1.1" 304 0
INFO 2025-06-23 12:47:11,578 basehttp 11048 131451542562496 "GET /static/admin/css/dark_mode.css HTTP/1.1" 304 0
INFO 2025-06-23 12:47:11,623 basehttp 11048 131451534169792 "GET /static/admin/css/login.css HTTP/1.1" 304 0
INFO 2025-06-23 12:47:11,624 basehttp 11048 131451542562496 "GET /static/admin/css/responsive.css HTTP/1.1" 304 0
INFO 2025-06-23 12:47:11,626 basehttp 11048 131451542562496 "GET /static/admin/js/theme.js HTTP/1.1" 304 0
INFO 2025-06-23 12:47:11,627 basehttp 11048 131451550955200 "GET /static/admin/js/nav_sidebar.js HTTP/1.1" 304 0
WARNING 2025-06-23 12:47:12,147 log 11048 131451542562496 Not Found: /favicon.ico
WARNING 2025-06-23 12:47:12,147 basehttp 11048 131451542562496 "GET /favicon.ico HTTP/1.1" 404 3265
INFO 2025-06-23 12:47:15,685 basehttp 11048 131451542562496 "POST /admin/login/?next=/admin/ HTTP/1.1" 302 0
INFO 2025-06-23 12:47:15,724 basehttp 11048 131451542562496 "GET /admin/ HTTP/1.1" 200 13576
INFO 2025-06-23 12:47:15,805 basehttp 11048 131451542562496 "GET /static/admin/css/dashboard.css HTTP/1.1" 304 0
INFO 2025-06-23 12:47:15,807 basehttp 11048 131451550955200 "GET /static/admin/img/icon-changelink.svg HTTP/1.1" 304 0
INFO 2025-06-23 12:47:15,807 basehttp 11048 131451534169792 "GET /static/admin/img/icon-addlink.svg HTTP/1.1" 304 0
INFO 2025-06-23 12:47:18,709 basehttp 11048 131451542562496 "GET /admin/accounts/user/ HTTP/1.1" 200 16514
INFO 2025-06-23 12:47:18,746 basehttp 11048 131451542562496 "GET /static/admin/css/changelists.css HTTP/1.1" 304 0
INFO 2025-06-23 12:47:18,781 basehttp 11048 131451550955200 "GET /static/admin/js/core.js HTTP/1.1" 304 0
INFO 2025-06-23 12:47:18,782 basehttp 11048 131451515283136 "GET /static/admin/js/actions.js HTTP/1.1" 304 0
INFO 2025-06-23 12:47:18,782 basehttp 11048 131451534169792 "GET /static/admin/js/vendor/jquery/jquery.js HTTP/1.1" 304 0
INFO 2025-06-23 12:47:18,783 basehttp 11048 131451523675840 "GET /static/admin/js/admin/RelatedObjectLookups.js HTTP/1.1" 304 0
INFO 2025-06-23 12:47:18,786 basehttp 11048 131451550955200 "GET /static/admin/js/jquery.init.js HTTP/1.1" 304 0
INFO 2025-06-23 12:47:18,786 basehttp 11048 131451515283136 "GET /static/admin/js/urlify.js HTTP/1.1" 304 0
INFO 2025-06-23 12:47:18,787 basehttp 11048 131451534169792 "GET /static/admin/js/prepopulate.js HTTP/1.1" 304 0
INFO 2025-06-23 12:47:18,788 basehttp 11048 131451523675840 "GET /static/admin/js/vendor/xregexp/xregexp.js HTTP/1.1" 304 0
INFO 2025-06-23 12:47:18,808 basehttp 11048 131451165079232 "GET /admin/jsi18n/ HTTP/1.1" 200 8621
INFO 2025-06-23 12:47:18,833 basehttp 11048 131451534169792 "GET /static/admin/img/icon-no.svg HTTP/1.1" 304 0
INFO 2025-06-23 12:47:18,833 basehttp 11048 131451523675840 "GET /static/admin/img/search.svg HTTP/1.1" 304 0
INFO 2025-06-23 12:47:18,857 basehttp 11048 131451515283136 "GET /static/admin/img/icon-yes.svg HTTP/1.1" 304 0
INFO 2025-06-23 12:47:18,857 basehttp 11048 131451550955200 "GET /static/admin/js/filters.js HTTP/1.1" 304 0
INFO 2025-06-23 12:47:18,862 basehttp 11048 131451542562496 "GET /static/admin/img/sorting-icons.svg HTTP/1.1" 304 0
INFO 2025-06-23 12:47:18,862 basehttp 11048 131451165079232 "GET /static/admin/img/tooltag-add.svg HTTP/1.1" 304 0
INFO 2025-06-23 12:47:29,789 basehttp 11048 131451515283136 "GET / HTTP/1.1" 200 55047
INFO 2025-06-23 12:47:29,824 basehttp 11048 131451515283136 "GET /static/css/dist/styles.css?v=1750679249 HTTP/1.1" 200 62143
INFO 2025-06-23 12:47:32,689 basehttp 11048 131451515283136 "GET /dashboard/ HTTP/1.1" 200 25098
INFO 2025-06-23 12:47:32,730 basehttp 11048 131451515283136 "GET /static/css/dist/styles.css?v=1750679252 HTTP/1.1" 200 62143
INFO 2025-06-23 12:47:32,821 basehttp 11048 131451550955200 "GET /media/products/premium_photo-1658506994023-ee0b3a947f8d1.png HTTP/1.1" 200 18340679
INFO 2025-06-23 12:47:58,580 basehttp 11048 131451550955200 "GET /dashboard/orders/ HTTP/1.1" 200 24773
INFO 2025-06-23 12:47:58,611 basehttp 11048 131451550955200 "GET /static/css/dist/styles.css?v=1750679278 HTTP/1.1" 200 62143
INFO 2025-06-23 12:48:05,821 basehttp 11048 131451550955200 "POST /dashboard/orders/3/update-status/ HTTP/1.1" 302 0
INFO 2025-06-23 12:48:05,851 basehttp 11048 131451550955200 "GET /dashboard/orders/ HTTP/1.1" 200 25169
INFO 2025-06-23 12:48:05,928 basehttp 11048 131451550955200 "GET /static/css/dist/styles.css?v=1750679285 HTTP/1.1" 200 62143
INFO 2025-06-23 12:48:09,557 basehttp 11048 131451550955200 "POST /dashboard/orders/3/update-status/ HTTP/1.1" 302 0
INFO 2025-06-23 12:48:09,586 basehttp 11048 131451550955200 "GET /dashboard/orders/ HTTP/1.1" 200 25140
INFO 2025-06-23 12:48:09,659 basehttp 11048 131451550955200 "GET /static/css/dist/styles.css?v=1750679289 HTTP/1.1" 200 62143
WARNING 2025-06-23 12:48:11,669 log 11048 131451550955200 Not Found: /orders/3/
WARNING 2025-06-23 12:48:11,669 basehttp 11048 131451550955200 "GET /orders/3/ HTTP/1.1" 404 3513
INFO 2025-06-23 12:48:17,054 basehttp 11048 131451550955200 "GET /orders HTTP/1.1" 301 0
INFO 2025-06-23 12:48:17,087 basehttp 11048 131451515283136 "GET /orders/ HTTP/1.1" 200 26754
INFO 2025-06-23 12:48:17,228 basehttp 11048 131451515283136 "GET /static/css/dist/styles.css?v=1750679297 HTTP/1.1" 200 62143
INFO 2025-06-23 12:48:22,837 basehttp 11048 131451515283136 "GET /dashboard/ HTTP/1.1" 200 25098
INFO 2025-06-23 12:48:22,872 basehttp 11048 131451515283136 "GET /static/css/dist/styles.css?v=1750679302 HTTP/1.1" 200 62143
INFO 2025-06-23 12:48:27,945 basehttp 11048 131451515283136 "GET / HTTP/1.1" 200 55047
INFO 2025-06-23 12:48:27,985 basehttp 11048 131451515283136 "GET /static/css/dist/styles.css?v=1750679307 HTTP/1.1" 200 62143
INFO 2025-06-23 12:48:31,091 basehttp 11048 131451515283136 "GET /admin/ HTTP/1.1" 200 13576
INFO 2025-06-23 12:48:33,679 basehttp 11048 131451515283136 "GET / HTTP/1.1" 200 55047
INFO 2025-06-23 12:48:33,716 basehttp 11048 131451515283136 "GET /static/css/dist/styles.css?v=1750679313 HTTP/1.1" 200 62143
INFO 2025-06-23 12:48:35,007 basehttp 11048 131451515283136 "GET /dashboard/ HTTP/1.1" 200 25098
INFO 2025-06-23 12:48:35,039 basehttp 11048 131451515283136 "GET /static/css/dist/styles.css?v=1750679314 HTTP/1.1" 200 62143
INFO 2025-06-23 12:48:41,817 basehttp 11048 131451515283136 "GET /dashboard/products/ HTTP/1.1" 200 17855
INFO 2025-06-23 12:48:41,850 basehttp 11048 131451515283136 "GET /static/css/dist/styles.css?v=1750679321 HTTP/1.1" 200 62143
INFO 2025-06-23 12:48:47,889 basehttp 11048 131451515283136 "GET /dashboard/users/ HTTP/1.1" 200 23349
INFO 2025-06-23 12:48:47,931 basehttp 11048 131451515283136 "GET /static/css/dist/styles.css?v=1750679327 HTTP/1.1" 200 62143
INFO 2025-06-23 12:48:48,047 basehttp 11048 131451523675840 "GET /media/avatars/premium_photo-1658506994023-ee0b3a947f8d1.png HTTP/1.1" 200 18340679
INFO 2025-06-23 12:48:56,469 basehttp 11048 131451523675840 "GET /dashboard/analytics/ HTTP/1.1" 200 19451
INFO 2025-06-23 12:48:56,504 basehttp 11048 131451523675840 "GET /static/css/dist/styles.css?v=1750679336 HTTP/1.1" 200 62143
INFO 2025-06-23 12:49:05,009 basehttp 11048 131451523675840 "GET /dashboard/settings/ HTTP/1.1" 200 22519
INFO 2025-06-23 12:49:05,050 basehttp 11048 131451523675840 "GET /static/css/dist/styles.css?v=1750679344 HTTP/1.1" 200 62143
INFO 2025-06-23 12:49:26,684 basehttp 11048 131451523675840 "POST /dashboard/settings/ HTTP/1.1" 302 0
INFO 2025-06-23 12:49:26,702 basehttp 11048 131451523675840 "GET /dashboard/settings/ HTTP/1.1" 200 22870
INFO 2025-06-23 12:49:26,784 basehttp 11048 131451523675840 "GET /static/css/dist/styles.css?v=1750679366 HTTP/1.1" 200 62143
INFO 2025-06-23 12:49:35,649 basehttp 11048 131451523675840 "GET /dashboard/ HTTP/1.1" 200 25098
INFO 2025-06-23 12:49:35,691 basehttp 11048 131451523675840 "GET /static/css/dist/styles.css?v=1750679375 HTTP/1.1" 200 62143
INFO 2025-06-23 12:49:38,900 basehttp 11048 131451523675840 "GET / HTTP/1.1" 200 55047
INFO 2025-06-23 12:49:38,943 basehttp 11048 131451523675840 "GET /static/css/dist/styles.css?v=1750679378 HTTP/1.1" 200 62143
INFO 2025-06-23 12:49:42,075 basehttp 11048 131451523675840 "GET /products/ HTTP/1.1" 200 24711
INFO 2025-06-23 12:49:42,150 basehttp 11048 131451523675840 "GET /static/css/dist/styles.css?v=1750679382 HTTP/1.1" 200 62143
INFO 2025-06-23 12:49:46,570 basehttp 11048 131451523675840 "GET /products/cocktail/ HTTP/1.1" 200 27404
INFO 2025-06-23 12:49:46,608 basehttp 11048 131451523675840 "GET /static/css/dist/styles.css?v=1750679386 HTTP/1.1" 200 62143
INFO 2025-06-23 12:49:54,328 basehttp 11048 131451523675840 "GET /admin/ HTTP/1.1" 200 13576
INFO 2025-06-23 12:49:56,006 basehttp 11048 131451523675840 "GET /admin/products/product/ HTTP/1.1" 200 16519
INFO 2025-06-23 12:49:56,055 basehttp 11048 131451523675840 "GET /admin/jsi18n/ HTTP/1.1" 200 8621
INFO 2025-06-23 12:50:05,844 basehttp 11048 131451523675840 "GET /admin/products/product/1/change/ HTTP/1.1" 200 35434
INFO 2025-06-23 12:50:05,916 basehttp 11048 131451523675840 "GET /static/admin/css/forms.css HTTP/1.1" 304 0
INFO 2025-06-23 12:50:05,943 basehttp 11048 131451515283136 "GET /static/admin/js/collapse.js HTTP/1.1" 304 0
INFO 2025-06-23 12:50:05,943 basehttp 11048 131451534169792 "GET /static/admin/js/inlines.js HTTP/1.1" 304 0
INFO 2025-06-23 12:50:05,954 basehttp 11048 131451523675840 "GET /admin/jsi18n/ HTTP/1.1" 200 8621
INFO 2025-06-23 12:50:05,960 basehttp 11048 131451534169792 "GET /static/admin/img/icon-viewlink.svg HTTP/1.1" 304 0
INFO 2025-06-23 12:50:05,960 basehttp 11048 131451515283136 "GET /static/admin/js/prepopulate_init.js HTTP/1.1" 304 0
INFO 2025-06-23 12:50:05,962 basehttp 11048 131451165079232 "GET /static/admin/css/widgets.css HTTP/1.1" 304 0
INFO 2025-06-23 12:50:06,007 basehttp 11048 131451515283136 "GET /static/admin/js/change_form.js HTTP/1.1" 304 0
INFO 2025-06-23 12:50:06,011 basehttp 11048 131451534169792 "GET /static/admin/img/tooltag-arrowright.svg HTTP/1.1" 304 0
INFO 2025-06-23 12:50:06,043 basehttp 11048 131451523675840 "GET /static/admin/img/inline-delete.svg HTTP/1.1" 304 0
INFO 2025-06-23 12:50:27,686 basehttp 11048 131451534169792 "POST /admin/products/product/1/change/ HTTP/1.1" 302 0
INFO 2025-06-23 12:50:27,716 basehttp 11048 131451534169792 "GET /admin/products/product/ HTTP/1.1" 200 16739
INFO 2025-06-23 12:50:27,806 basehttp 11048 131451534169792 "GET /admin/jsi18n/ HTTP/1.1" 200 8621
INFO 2025-06-23 12:50:42,002 basehttp 11048 131451534169792 "GET / HTTP/1.1" 200 55047
INFO 2025-06-23 12:50:42,036 basehttp 11048 131451534169792 "GET /static/css/dist/styles.css?v=1750679441 HTTP/1.1" 200 62143
INFO 2025-06-23 12:50:43,526 basehttp 11048 131451534169792 "GET /products/ HTTP/1.1" 200 25208
INFO 2025-06-23 12:50:43,565 basehttp 11048 131451534169792 "GET /static/css/dist/styles.css?v=1750679443 HTTP/1.1" 200 62143
INFO 2025-06-23 12:50:46,843 basehttp 11048 131451534169792 "POST /cart/add/ HTTP/1.1" 302 0
INFO 2025-06-23 12:50:46,877 basehttp 11048 131451534169792 "GET /cart/ HTTP/1.1" 200 32999
INFO 2025-06-23 12:50:46,946 basehttp 11048 131451534169792 "GET /static/css/dist/styles.css?v=1750679446 HTTP/1.1" 200 62143
INFO 2025-06-23 12:50:52,553 basehttp 11048 131451534169792 "GET /orders/checkout/ HTTP/1.1" 200 32616
INFO 2025-06-23 12:50:52,586 basehttp 11048 131451534169792 "GET /static/css/dist/styles.css?v=1750679452 HTTP/1.1" 200 62143
INFO 2025-06-23 12:51:14,249 basehttp 11048 131451534169792 "POST /orders/checkout/ HTTP/1.1" 200 34486
INFO 2025-06-23 12:51:14,284 basehttp 11048 131451534169792 "GET /static/css/dist/styles.css?v=1750679474 HTTP/1.1" 200 62143
INFO 2025-06-23 12:51:23,292 basehttp 11048 131451534169792 "POST /orders/checkout/ HTTP/1.1" 200 34486
INFO 2025-06-23 12:51:23,327 basehttp 11048 131451534169792 "GET /static/css/dist/styles.css?v=1750679483 HTTP/1.1" 200 62143
INFO 2025-06-23 12:51:41,701 basehttp 11048 131451534169792 "GET /cart/ HTTP/1.1" 200 31298
INFO 2025-06-23 12:51:41,746 basehttp 11048 131451534169792 "GET /static/css/dist/styles.css?v=1750679501 HTTP/1.1" 200 62143
INFO 2025-06-23 12:51:49,284 basehttp 11048 131451534169792 "POST /cart/remove/1/ HTTP/1.1" 302 0
INFO 2025-06-23 12:51:49,316 basehttp 11048 131451534169792 "GET /cart/ HTTP/1.1" 200 23609
INFO 2025-06-23 12:51:49,416 basehttp 11048 131451534169792 "GET /static/css/dist/styles.css?v=1750679509 HTTP/1.1" 200 62143
INFO 2025-06-23 12:51:51,983 basehttp 11048 131451534169792 "GET /accounts/logout/ HTTP/1.1" 302 0
INFO 2025-06-23 12:51:52,027 basehttp 11048 131451534169792 "GET / HTTP/1.1" 200 53950
INFO 2025-06-23 12:51:52,103 basehttp 11048 131451534169792 "GET /static/css/dist/styles.css?v=1750679512 HTTP/1.1" 200 62143
